This is pdfTeX, Version 3.1415926-2.4-1.40.13 (TeX Live 2012/Debian) (format=pdflatex 2014.3.19)  4 OCT 2017 09:49
entering extended mode
 restricted \write18 enabled.
 %&-line parsing enabled.
**jco-full-proof2.tex
(./jco-full-proof2.tex
LaTeX2e <2011/06/27>
Babel <v3.8m> and hyphenation patterns for english, dumylang, nohyphenation, ny
norsk, bokmal, loaded.

LaTeX Warning: File `example.eps' already exists on the system.
               Not generating it from this source.

(/usr/share/texlive/texmf-dist/tex/latex/base/fix-cm.sty
Package: fix-cm 2006/09/13 v1.1m fixes to LaTeX

(/usr/share/texlive/texmf-dist/tex/latex/base/ts1enc.def
File: ts1enc.def 2001/06/05 v3.0e (jk/car/fm) Standard LaTeX file
))

! LaTeX Error: File `svjour3.cls' not found.

Type X to quit or <RETURN> to proceed,
or enter new name. (Default extension: cls)

Enter file name: 
! Emergency stop.
<read *> 
         
l.46 \smartqed
                % flush right qed marks, e.g. at end of proof^^M
*** (cannot \read from terminal in nonstop modes)

 
Here is how much of TeX's memory you used:
 401 strings out of 494809
 8679 string characters out of 3178381
 45339 words of memory out of 3000000
 3682 multiletter control sequences out of 15000+200000
 3640 words of font info for 14 fonts, out of 3000000 for 9000
 230 hyphenation exceptions out of 8191
 17i,0n,12p,222b,150s stack positions out of 5000i,500n,10000p,200000b,50000s
!  ==> Fatal error occurred, no output PDF file produced!
